<?xml version="1.0" encoding="UTF-8"?>
<!-- Generated by org.testng.reporters.JUnitXMLReporter -->
<testsuite hostname="Gokul-VAIO" name="test2_2" tests="3" failures="0" timestamp="13 Aug 2014 03:11:56 GMT" time="0.657" errors="0">
  <testcase name="test2in2" time="0.001" classname="com.sample.test2.Test2_2"/>
  <testcase name="test2in2" time="0.001" classname="com.sample.test2.Test2_2"/>
  <testcase name="test2in2" time="0.0" classname="com.sample.test2.Test2_2"/>
</testsuite> <!-- test2_2 -->
