<?xml version="1.0" encoding="UTF-8"?>
<!-- Generated by org.testng.reporters.JUnitXMLReporter -->
<testsuite hostname="Gokul-VAIO" name="test1_2" tests="3" failures="0" timestamp="31 Jul 2014 03:07:40 GMT" time="2.947" errors="0">
  <testcase name="test2in1" time="0.005" classname="com.sample.test1.Test1_2"/>
  <testcase name="test2in1" time="0.001" classname="com.sample.test1.Test1_2">
    <skipped/>
  </testcase> <!-- test2in1 -->
  <testcase name="test2in1" time="0.001" classname="com.sample.test1.Test1_2"/>
</testsuite> <!-- test1_2 -->
